[    0.000000] Initializing cgroup subsys cpuset
[    0.000000] Initializing cgroup subsys cpu
[    0.000000] Initializing cgroup subsys cpuacct
[    0.000000] Linux version 4.4.0-138-generic (buildd@lcy01-amd64-006) (gcc version 5.4.0 20160609 (Ubuntu 5.4.0-6ubuntu1~16.04.10) ) #164-Ubuntu SMP Tue Oct 2 17:16:02 UTC 2018 (Ubuntu 4.4.0-138.164-generic 4.4.155)
[    0.000000] Command line: BOOT_IMAGE=/boot/vmlinuz-4.4.0-138-generic root=LABEL=cloudimg-rootfs ro console=tty1 console=ttyS0
[    0.000000] KERNEL supported cpus:
[    0.000000]   Intel GenuineIntel
[    0.000000]   AMD AuthenticAMD
[    0.000000]   Centaur CentaurHauls
[    0.000000] x86/fpu: xstate_offset[2]:  576, xstate_sizes[2]:  256
[    0.000000] x86/fpu: Supporting XSAVE feature 0x01: 'x87 floating point registers'
[    0.000000] x86/fpu: Supporting XSAVE feature 0x02: 'SSE registers'
[    0.000000] x86/fpu: Supporting XSAVE feature 0x04: 'AVX registers'
[    0.000000] x86/fpu: Enabled xstate features 0x7, context size is 832 bytes, using 'standard' format.
[    0.000000] e820: BIOS-provided physical RAM map:
[    0.000000] BIOS-e820: [mem 0x0000000000000000-0x000000000009fbff] usable
[    0.000000] BIOS-e820: [mem 0x000000000009fc00-0x000000000009ffff] reserved
[    0.000000] BIOS-e820: [mem 0x00000000000f0000-0x00000000000fffff] reserved
[    0.000000] BIOS-e820: [mem 0x0000000000100000-0x000000003ffeffff] usable
[    0.000000] BIOS-e820: [mem 0x000000003fff0000-0x000000003fffffff] ACPI data
[    0.000000] BIOS-e820: [mem 0x00000000fec00000-0x00000000fec00fff] reserved
[    0.000000] BIOS-e820: [mem 0x00000000fee00000-0x00000000fee00fff] reserved
[    0.000000] BIOS-e820: [mem 0x00000000fffc0000-0x00000000ffffffff] reserved
[    0.000000] NX (Execute Disable) protection: active
[    0.000000] SMBIOS 2.5 present.
[    0.000000] Hypervisor detected: KVM
[    0.000000] e820: last_pfn = 0x3fff0 max_arch_pfn = 0x400000000
[    0.000000] MTRR: Disabled
[    0.000000] x86/PAT: MTRRs disabled, skipping PAT initialization too.
[    0.000000] CPU MTRRs all blank - virtualized system.
[    0.000000] x86/PAT: Configuration [0-7]: WB  WT  UC- UC  WB  WT  UC- UC  
[    0.000000] found SMP MP-table at [mem 0x0009fff0-0x0009ffff] mapped at [ffff88000009fff0]
[    0.000000] Scanning 1 areas for low memory corruption
[    0.000000] RAMDISK: [mem 0x3630a000-0x3717cfff]
[    0.000000] ACPI: Early table checksum verification disabled
[    0.000000] ACPI: RSDP 0x00000000000E0000 000024 (v02 VBOX  )
[    0.000000] ACPI: XSDT 0x000000003FFF0030 00003C (v01 VBOX   VBOXXSDT 00000001 ASL  00000061)
[    0.000000] ACPI: FACP 0x000000003FFF00F0 0000F4 (v04 VBOX   VBOXFACP 00000001 ASL  00000061)
[    0.000000] ACPI: DSDT 0x000000003FFF0470 0021FF (v02 VBOX   VBOXBIOS 00000002 INTL 20100528)
[    0.000000] ACPI: FACS 0x000000003FFF0200 000040
[    0.000000] ACPI: FACS 0x000000003FFF0200 000040
[    0.000000] ACPI: APIC 0x000000003FFF0240 00005C (v02 VBOX   VBOXAPIC 00000001 ASL  00000061)
[    0.000000] ACPI: SSDT 0x000000003FFF02A0 0001CC (v01 VBOX   VBOXCPUT 00000002 INTL 20100528)
[    0.000000] No NUMA configuration found
[    0.000000] Faking a node at [mem 0x0000000000000000-0x000000003ffeffff]
[    0.000000] NODE_DATA(0) allocated [mem 0x3ffeb000-0x3ffeffff]
[    0.000000] kvm-clock: Using msrs 4b564d01 and 4b564d00
[    0.000000] kvm-clock: cpu 0, msr 0:3ffe3001, primary cpu clock
[    0.000000] kvm-clock: using sched offset of 20313717563 cycles
[    0.000000] clocksource: kvm-clock: mask: 0xffffffffffffffff max_cycles: 0x1cd42e4dffb, max_idle_ns: 881590591483 ns
[    0.000000] Zone ranges:
[    0.000000]   DMA      [mem 0x0000000000001000-0x0000000000ffffff]
[    0.000000]   DMA32    [mem 0x0000000001000000-0x000000003ffeffff]
[    0.000000]   Normal   empty
[    0.000000]   Device   empty
[    0.000000] Movable zone start for each node
[    0.000000] Early memory node ranges
[    0.000000]   node   0: [mem 0x0000000000001000-0x000000000009efff]
[    0.000000]   node   0: [mem 0x0000000000100000-0x000000003ffeffff]
[    0.000000] Initmem setup node 0 [mem 0x0000000000001000-0x000000003ffeffff]
[    0.000000] ACPI: PM-Timer IO Port: 0x4008
[    0.000000] IOAPIC[0]: apic_id 2, version 32, address 0xfec00000, GSI 0-23
[    0.000000] ACPI: INT_SRC_OVR (bus 0 bus_irq 0 global_irq 2 dfl dfl)
[    0.000000] ACPI: INT_SRC_OVR (bus 0 bus_irq 9 global_irq 9 low level)
[    0.000000] Using ACPI (MADT) for SMP configuration information
[    0.000000] smpboot: Allowing 2 CPUs, 0 hotplug CPUs
[    0.000000] PM: Registered nosave memory: [mem 0x00000000-0x00000fff]
[    0.000000] PM: Registered nosave memory: [mem 0x0009f000-0x0009ffff]
[    0.000000] PM: Registered nosave memory: [mem 0x000a0000-0x000effff]
[    0.000000] PM: Registered nosave memory: [mem 0x000f0000-0x000fffff]
[    0.000000] e820: [mem 0x40000000-0xfebfffff] available for PCI devices
[    0.000000] Booting paravirtualized kernel on KVM
[    0.000000] clocksource: refined-jiffies: mask: 0xffffffff max_cycles: 0xffffffff, max_idle_ns: 7645519600211568 ns
[    0.000000] setup_percpu: NR_CPUS:512 nr_cpumask_bits:512 nr_cpu_ids:2 nr_node_ids:1
[    0.000000] PERCPU: Embedded 34 pages/cpu @ffff88003fc00000 s99608 r8192 d31464 u1048576
[    0.000000] PV qspinlock hash table entries: 256 (order: 0, 4096 bytes)
[    0.000000] Built 1 zonelists in Node order, mobility grouping on.  Total pages: 257912
[    0.000000] Policy zone: DMA32
[    0.000000] Kernel command line: BOOT_IMAGE=/boot/vmlinuz-4.4.0-138-generic root=LABEL=cloudimg-rootfs ro console=tty1 console=ttyS0
[    0.000000] PID hash table entries: 4096 (order: 3, 32768 bytes)
[    0.000000] Memory: 997708K/1048120K available (8563K kernel code, 1314K rwdata, 4004K rodata, 1528K init, 1316K bss, 50412K reserved, 0K cma-reserved)
[    0.000000] SLUB: HWalign=64, Order=0-3, MinObjects=0, CPUs=2, Nodes=1
[    0.000000] Kernel/User page tables isolation: enabled
[    0.000000] Hierarchical RCU implementation.
[    0.000000] 	Build-time adjustment of leaf fanout to 64.
[    0.000000] 	RCU restricting CPUs from NR_CPUS=512 to nr_cpu_ids=2.
[    0.000000] RCU: Adjusting geometry for rcu_fanout_leaf=64, nr_cpu_ids=2
[    0.000000] NR_IRQS:33024 nr_irqs:440 16
[    0.000000] Console: colour VGA+ 80x25
[    0.000000] console [tty1] enabled
[    0.000000] console [ttyS0] enabled
[    0.000000] tsc: Detected 2394.560 MHz processor
[    4.100853] Calibrating delay loop (skipped) preset value.. 4789.12 BogoMIPS (lpj=9578240)
[    4.158174] pid_max: default: 32768 minimum: 301
[    4.191221] ACPI: Core revision 20150930
[    4.222482] ACPI: 2 ACPI AML tables successfully acquired and loaded
[    4.272465] Security Framework initialized
[    4.301824] Yama: becoming mindful.
[    4.327916] AppArmor: AppArmor initialized
[    4.356762] Dentry cache hash table entries: 131072 (order: 8, 1048576 bytes)
[    4.402434] Inode-cache hash table entries: 65536 (order: 7, 524288 bytes)
[    4.444624] Mount-cache hash table entries: 2048 (order: 2, 16384 bytes)
[    4.486026] Mountpoint-cache hash table entries: 2048 (order: 2, 16384 bytes)
[    4.529132] Initializing cgroup subsys io
[    4.557163] Initializing cgroup subsys memory
[    4.586943] Initializing cgroup subsys devices
[    4.616118] Initializing cgroup subsys freezer
[    4.646226] Initializing cgroup subsys net_cls
[    4.676593] Initializing cgroup subsys perf_event
[    4.707630] Initializing cgroup subsys net_prio
[    4.738062] Initializing cgroup subsys hugetlb
[    4.768774] Initializing cgroup subsys pids
[    4.798956] mce: CPU supports 0 MCE banks
[    4.828068] Last level iTLB entries: 4KB 512, 2MB 8, 4MB 8
[    4.863912] Last level dTLB entries: 4KB 512, 2MB 32, 4MB 32, 1GB 0
[    4.903645] Spectre V2 : Mitigation: Full generic retpoline
[    4.938783] Spectre V2 : Spectre v2 mitigation: Speculation control IBPB not-supported IBRS not-supported
[    4.992019] Spectre V2 : Spectre v2 / SpectreRSB mitigation: Filling RSB on context switch
[    5.055859] Speculative Store Bypass: Vulnerable
[    5.143524] Freeing SMP alternatives memory: 32K
[    5.362427] ftrace: allocating 32278 entries in 127 pages
[    6.154514] smpboot: APIC(0) Converting physical 0 to logical package 0
[    6.194904] smpboot: Max logical packages: 1
[    6.232487] x2apic enabled
[    6.262117] Switched APIC routing to physical x2apic.
[    6.330191] ..TIMER: vector=0x30 apic1=0 pin1=2 apic2=-1 pin2=-1
[    6.478968] smpboot: CPU0: Intel(R) Core(TM) i3-3110M CPU @ 2.40GHz (family: 0x6, model: 0x3a, stepping: 0x9)
[    6.550984] Performance Events: unsupported p6 CPU model 58 no PMU driver, software events only.
[    6.614351] KVM setup paravirtual spinlock
[    6.644102] x86: Booting SMP configuration:
[    6.672527] .... node  #0, CPUs:      #1
[    6.708695] kvm-clock: cpu 1, msr 0:3ffe3041, secondary cpu clock
[    6.737175] mce: CPU supports 0 MCE banks
[    6.756460] x86: Booted up 1 node, 2 CPUs
[    6.792163] smpboot: Total of 2 processors activated (9578.24 BogoMIPS)
[    6.839072] devtmpfs: initialized
[    6.866423] evm: security.selinux
[    6.891995] evm: security.SMACK64
[    6.916924] evm: security.SMACK64EXEC
[    6.943637] evm: security.SMACK64TRANSMUTE
[    6.973223] evm: security.SMACK64MMAP
[    7.000571] evm: security.ima
[    7.023559] evm: security.capability
[    7.050958] clocksource: jiffies: mask: 0xffffffff max_cycles: 0xffffffff, max_idle_ns: 7645041785100000 ns
[    7.114289] futex hash table entries: 512 (order: 3, 32768 bytes)
[    7.154023] pinctrl core: initialized pinctrl subsystem
[    7.190534] RTC time: 20:24:10, date: 10/30/18
[    7.223744] NET: Registered protocol family 16
[    7.266488] cpuidle: using governor ladder
[    7.307587] cpuidle: using governor menu
[    7.335411] PCCT header not found.
[    7.361295] ACPI: bus type PCI registered
[    7.389589] acpiphp: ACPI Hot Plug PCI Controller Driver version: 0.5
[    7.430524] PCI: Using configuration type 1 for base access
[    7.489080] ACPI: Added _OSI(Module Device)
[    7.522443] ACPI: Added _OSI(Processor Device)
[    7.552265] ACPI: Added _OSI(3.0 _SCP Extensions)
[    7.583793] ACPI: Added _OSI(Processor Aggregator Device)
[    7.627187] ACPI: Executed 1 blocks of module-level executable AML code
[    7.691681] ACPI: Interpreter enabled
[    7.719978] ACPI: (supports S0 S5)
[    7.748286] ACPI: Using IOAPIC for interrupt routing
[    7.783214] PCI: Using host bridge windows from ACPI; if necessary, use "pci=nocrs" and report a bug
[    7.877026] ACPI: PCI Root Bridge [PCI0] (domain 0000 [bus 00-ff])
[    7.915860] acpi PNP0A03:00: _OSC: OS supports [ASPM ClockPM Segments MSI]
[    7.959026] acpi PNP0A03:00: _OSC: not requesting OS control; OS requires [ExtendedConfig ASPM ClockPM MSI]
[    8.022735] acpi PNP0A03:00: fail to add MMCONFIG information, can't access extended PCI configuration space under this bridge.
[    8.099921] PCI host bridge to bus 0000:00
[    8.128336] pci_bus 0000:00: root bus resource [io  0x0000-0x0cf7 window]
[    8.169646] pci_bus 0000:00: root bus resource [io  0x0d00-0xffff window]
[    8.210503] pci_bus 0000:00: root bus resource [mem 0x000a0000-0x000bffff window]
[    8.260893] pci_bus 0000:00: root bus resource [mem 0x40000000-0xfdffffff window]
[    8.326235] pci_bus 0000:00: root bus resource [bus 00-ff]
[    8.425721] pci 0000:00:01.1: legacy IDE quirk: reg 0x10: [io  0x01f0-0x01f7]
[    8.468659] pci 0000:00:01.1: legacy IDE quirk: reg 0x14: [io  0x03f6]
[    8.507964] pci 0000:00:01.1: legacy IDE quirk: reg 0x18: [io  0x0170-0x0177]
[    8.552157] pci 0000:00:01.1: legacy IDE quirk: reg 0x1c: [io  0x0376]
[    9.117009] pci 0000:00:07.0: quirk: [io  0x4000-0x403f] claimed by PIIX4 ACPI
[    9.167229] pci 0000:00:07.0: quirk: [io  0x4100-0x410f] claimed by PIIX4 SMB
[    9.289979] ACPI: PCI Interrupt Link [LNKA] (IRQs 5 9 10 *11)
[    9.348767] ACPI: PCI Interrupt Link [LNKB] (IRQs 5 9 *10 11)
[    9.406166] ACPI: PCI Interrupt Link [LNKC] (IRQs 5 *9 10 11)
[    9.463334] ACPI: PCI Interrupt Link [LNKD] (IRQs 5 9 10 *11)
[    9.520647] ACPI: Enabled 2 GPEs in block 00 to 07
[    9.562671] vgaarb: setting as boot device: PCI:0000:00:02.0
[    9.599140] vgaarb: device added: PCI:0000:00:02.0,decodes=io+mem,owns=io+mem,locks=none
[    9.658608] vgaarb: loaded
[    9.682121] vgaarb: bridge control possible 0000:00:02.0
[    9.720474] SCSI subsystem initialized
[    9.751394] ACPI: bus type USB registered
[    9.783763] usbcore: registered new interface driver usbfs
[    9.819404] usbcore: registered new interface driver hub
[    9.854185] usbcore: registered new device driver usb
[    9.891765] PCI: Using ACPI for IRQ routing
[    9.929122] NetLabel: Initializing
[    9.954796] NetLabel:  domain hash size = 128
[    9.984184] NetLabel:  protocols = UNLABELED CIPSOv4
[   10.017589] NetLabel:  unlabeled traffic allowed by default
[   10.055503] amd_nb: Cannot enumerate AMD northbridges
[   10.089522] clocksource: Switched to clocksource kvm-clock
[   10.140368] AppArmor: AppArmor Filesystem Enabled
[   10.171039] pnp: PnP ACPI init
[   10.205424] pnp: PnP ACPI: found 3 devices
[   10.242420] clocksource: acpi_pm: mask: 0xffffff max_cycles: 0xffffff, max_idle_ns: 2085701024 ns
[   10.298249] NET: Registered protocol family 2
[   10.327409] TCP established hash table entries: 8192 (order: 4, 65536 bytes)
[   10.369709] TCP bind hash table entries: 8192 (order: 5, 131072 bytes)
[   10.408902] TCP: Hash tables configured (established 8192 bind 8192)
[   10.446413] UDP hash table entries: 512 (order: 2, 16384 bytes)
[   10.482405] UDP-Lite hash table entries: 512 (order: 2, 16384 bytes)
[   10.520528] NET: Registered protocol family 1
[   10.549561] pci 0000:00:00.0: Limiting direct PCI/PCI transfers
[   10.586174] pci 0000:00:01.0: Activating ISA DMA hang workarounds
[   10.626191] Unpacking initramfs...
[   11.045082] Freeing initrd memory: 14796K
[   11.073313] RAPL PMU detected, API unit is 2^-32 Joules, 3 fixed counters 10737418240 ms ovfl timer
[   11.130563] hw unit of domain pp0-core 2^-0 Joules
[   11.161763] hw unit of domain package 2^-0 Joules
[   11.193609] hw unit of domain pp1-gpu 2^-0 Joules
[   11.226189] platform rtc_cmos: registered platform RTC device (no PNP device found)
[   11.276269] Scanning for low memory corruption every 60 seconds
[   11.326601] audit: initializing netlink subsys (disabled)
[   11.360497] audit: type=2000 audit(1540931067.721:1): initialized
[   11.397475] Initialise system trusted keyring
[   11.428368] HugeTLB registered 2 MB page size, pre-allocated 0 pages
[   11.468370] zbud: loaded
[   11.490725] VFS: Disk quotas dquot_6.6.0
[   11.517870] VFS: Dquot-cache hash table entries: 512 (order 0, 4096 bytes)
[   11.558970] squashfs: version 4.0 (2009/01/31) Phillip Lougher
[   11.596120] fuse init (API version 7.23)
[   11.623302] Key type big_key registered
[   11.650003] Allocating IMA MOK and blacklist keyrings.
[   11.702147] Key type asymmetric registered
[   11.731052] Asymmetric key parser 'x509' registered
[   11.766861] Block layer SCSI generic (bsg) driver version 0.4 loaded (major 249)
[   11.826796] io scheduler noop registered
[   11.858036] io scheduler deadline registered (default)
[   11.892421] io scheduler cfq registered
[   11.919619] pci_hotplug: PCI Hot Plug PCI Core version: 0.5
[   11.954286] pciehp: PCI Express Hot Plug Controller Driver version: 0.4
[   11.994285] ACPI: AC Adapter [AC] (on-line)
[   12.024007] input: Power Button as /devices/LNXSYSTM:00/LNXPWRBN:00/input/input0
[   12.072776] ACPI: Power Button [PWRF]
[   12.099712] input: Sleep Button as /devices/LNXSYSTM:00/LNXSLPBN:00/input/input1
[   12.148820] ACPI: Sleep Button [SLPF]
[   12.178311] GHES: HEST is not enabled!
[   12.186247] ACPI: Battery Slot [BAT0] (battery present)
[   12.240805] Serial: 8250/16550 driver, 32 ports, IRQ sharing enabled
[   12.388461] 00:02: ttyS0 at I/O 0x3f8 (irq = 4, base_baud = 115200) is a 16550A
[   12.440759] Linux agpgart interface v0.103
[   12.477219] loop: module loaded
[   12.507155] scsi host0: ata_piix
[   12.532101] scsi host1: ata_piix
[   12.556146] ata1: PATA max UDMA/33 cmd 0x1f0 ctl 0x3f6 bmdma 0xd000 irq 14
[   12.596594] ata2: PATA max UDMA/33 cmd 0x170 ctl 0x376 bmdma 0xd008 irq 15
[   12.638810] libphy: Fixed MDIO Bus: probed
[   12.666982] tun: Universal TUN/TAP device driver, 1.6
[   12.700126] tun: (C) 1999-2004 Max Krasnyansky <maxk@qualcomm.com>
[   12.737476] PPP generic driver version 2.4.2
[   12.767994] ehci_hcd: USB 2.0 'Enhanced' Host Controller (EHCI) Driver
[   12.807492] ehci-pci: EHCI PCI platform driver
[   12.837171] ehci-platform: EHCI generic platform driver
[   12.869976] ohci_hcd: USB 1.1 'Open' Host Controller (OHCI) Driver
[   12.909223] ohci-pci: OHCI PCI platform driver
[   12.941669] ohci-platform: OHCI generic platform driver
[   12.976436] uhci_hcd: USB Universal Host Controller Interface driver
[   13.015196] i8042: PNP: PS/2 Controller [PNP0303:PS2K,PNP0f03:PS2M] at 0x60,0x64 irq 1,12
[   13.078297] serio: i8042 KBD port at 0x60,0x64 irq 1
[   13.109563] serio: i8042 AUX port at 0x60,0x64 irq 12
[   13.141666] mousedev: PS/2 mouse device common for all mice
[   13.192535] input: AT Translated Set 2 keyboard as /devices/platform/i8042/serio0/input/input2
[   13.248088] rtc_cmos rtc_cmos: rtc core: registered rtc_cmos as rtc0
[   13.290231] rtc_cmos rtc_cmos: alarms up to one day, 114 bytes nvram
[   13.331084] i2c /dev entries driver
[   13.356117] device-mapper: uevent: version 1.0.3
[   13.387133] device-mapper: ioctl: 4.34.0-ioctl (2015-10-28) initialised: dm-devel@redhat.com
[   13.441090] ledtrig-cpu: registered to indicate activity on CPUs
[   13.482458] NET: Registered protocol family 10
[   13.514016] NET: Registered protocol family 17
[   13.544453] Key type dns_resolver registered
[   13.574837] registered taskstats version 1
[   13.603458] Loading compiled-in X.509 certificates
[   13.635664] Loaded X.509 cert 'Build time autogenerated kernel key: 9a104bc44b81e9426fe5c715e47d021d02d69eba'
[   13.697260] zswap: loaded using pool lzo/zbud
[   13.733875] Key type trusted registered
[   13.774302] Key type encrypted registered
[   13.802480] AppArmor: AppArmor sha1 policy hashing enabled
[   13.837390] ima: No TPM chip found, activating TPM-bypass!
[   13.873590] ima: Allocated hash algorithm: sha1
[   13.904144] evm: HMAC attrs: 0x1
[   13.934742]   Magic number: 6:776:448
[   13.961171] acpi APP0001:00: hash matches
[   13.995793] rtc_cmos rtc_cmos: setting system clock to 2018-10-30 20:24:17 UTC (1540931057)
[   14.057303] BIOS EDD facility v0.16 2004-Jun-25, 0 devices found
[   14.095178] EDD information not available.
[   14.143117] Freeing unused kernel memory: 1528K
[   14.190498] Write protecting the kernel read-only data: 14336k
[   14.235523] Freeing unused kernel memory: 1664K
[   14.283333] Freeing unused kernel memory: 92K
Loading, please wait...
starting version[   14.364302] random: udevadm: uninitialized urandom read (16 bytes read, 5 bits of entropy available)
 229
[   14.405440] random: systemd-udevd: uninitialized urandom read (16 bytes read, 5 bits of entropy available)
[   14.405554] random: systemd-udevd: uninitialized urandom read (16 bytes read, 5 bits of entropy available)
[   14.405598] random: systemd-udevd: uninitialized urandom read (16 bytes read, 5 bits of entropy available)
[   14.405624] random: systemd-udevd: uninitialized urandom read (16 bytes read, 5 bits of entropy available)
[   14.674089] random: udevadm: uninitialized urandom read (16 bytes read, 5 bits of entropy available)
[   14.745313] random: systemd-udevd: uninitialized urandom read (16 bytes read, 5 bits of entropy available)
[   14.818487] random: systemd-udevd: uninitialized urandom read (16 bytes read, 5 bits of entropy available)
[   14.879882] random: systemd-udevd: uninitialized urandom read (16 bytes read, 5 bits of entropy available)
[   14.883387] random: udevadm: uninitialized urandom read (16 bytes read, 5 bits of entropy available)
[   15.095020] e1000: Intel(R) PRO/1000 Network Driver - version 7.3.21-k8-NAPI
[   15.151980] e1000: Copyright (c) 1999-2006 Intel Corporation.
[   15.205741] Fusion MPT base driver 3.04.20
[   15.234926] Copyright (c) 1999-2008 LSI Corporation
[   15.313080] Fusion MPT SPI Host driver 3.04.20
[   15.554096] input: ImExPS/2 Generic Explorer Mouse as /devices/platform/i8042/serio1/input/input4
[   17.881706] e1000 0000:00:03.0 eth0: (PCI:33MHz:32-bit) 02:84:11:a3:6c:d2
[   17.923349] e1000 0000:00:03.0 eth0: Intel(R) PRO/1000 Network Connection
[   17.976373] e1000 0000:00:03.0 enp0s3: renamed from eth0
[   18.013203] mptbase: ioc0: Initiating bringup
[   18.124976] ioc0: LSI53C1030 A0: Capabilities={Initiator}
[   18.370204] scsi host2: ioc0: LSI53C1030 A0, FwRev=00000000h, Ports=1, MaxQ=256, IRQ=20
[   18.544545] scsi 2:0:0:0: Direct-Access     VBOX     HARDDISK         1.0  PQ: 0 ANSI: 5
[   18.614083] scsi target2:0:0: Beginning Domain Validation
[   18.661281] scsi target2:0:0: Domain Validation skipping write tests
[   18.700277] scsi target2:0:0: Ending Domain Validation
[   18.733821] scsi target2:0:0: asynchronous
[   18.766721] scsi 2:0:1:0: Direct-Access     VBOX     HARDDISK         1.0  PQ: 0 ANSI: 5
[   18.818399] scsi target2:0:1: Beginning Domain Validation
[   18.866387] scsi target2:0:1: Domain Validation skipping write tests
[   19.192536] scsi target2:0:1: Ending Domain Validation
[   19.226466] scsi target2:0:1: asynchronous
[   19.305142] sd 2:0:0:0: Attached scsi generic sg0 type 0
[   19.305490] sd 2:0:0:0: [sda] 20971520 512-byte logical blocks: (10.7 GB/10.0 GiB)
[   19.391258] sd 2:0:1:0: Attached scsi generic sg1 type 0
[   19.426614] sd 2:0:0:0: [sda] Write Protect is off
[   19.430344] sd 2:0:1:0: [sdb] 20480 512-byte logical blocks: (10.5 MB/10.0 MiB)
[   19.431911] sd 2:0:1:0: [sdb] Write Protect is off
[   19.433838] sd 2:0:1:0: [sdb] Incomplete mode parameter data
[   19.433841] sd 2:0:1:0: [sdb] Assuming drive cache: write through
[   19.500719] sd 2:0:1:0: [sdb] Attached SCSI disk
[   19.662990] sd 2:0:0:0: [sda] Incomplete mode parameter data
[   19.700234] sd 2:0:0:0: [sda] Assuming drive cache: write through
[   19.764052]  sda: sda1
[   19.789024] sd 2:0:0:0: [sda] Attached SCSI disk
Begin: Loading essential drivers ... [   30.214587] md: linear personality registered for level -1
[   30.266593] md: multipath personality registered for level -4
[   30.315907] md: raid0 personality registered for level 0
[   30.367607] md: raid1 personality registered for level 1
[   30.490386] raid6: sse2x1   gen()  3755 MB/s
[   30.594162] raid6: sse2x1   xor()  2187 MB/s
[   30.702380] raid6: sse2x2   gen()  5361 MB/s
[   30.797915] raid6: sse2x2   xor()  3782 MB/s
[   30.893918] raid6: sse2x4   gen()  6200 MB/s
[   31.005923] raid6: sse2x4   xor()  2781 MB/s
[   31.038219] raid6: using algorithm sse2x4 gen() 6200 MB/s
[   31.075052] raid6: .... xor() 2781 MB/s, rmw enabled
[   31.110146] raid6: using ssse3x2 recovery algorithm
[   31.152150] xor: automatically using best checksumming function:
[   31.229755]    avx       : 11487.000 MB/sec
[   31.281692] async_tx: api initialized (async)
[   31.395007] md: raid6 personality registered for level 6
[   31.436982] md: raid5 personality registered for level 5
[   31.476478] md: raid4 personality registered for level 4
[   31.545989] md: raid10 personality registered for level 10
done.
Begin: Running /scripts/init-premount ... done.
Begin: Mounting root file system ... Begin: Running /scripts/local-top ... done.
Begin: Running /scripts/local-premount ... [   31.935389] Btrfs loaded
Scanning for Btrfs filesystems
done.
Warning: fsck not present, so skipping root file system
[   32.272018] EXT4-fs (sda1): mounted filesystem with ordered data mode. Opts: (null)
done.
Begin: Running /scripts/local-bottom ... done.
Begin: Running /scripts/init-bottom ... done.
[   32.828976] random: nonblocking pool is initialized
[   33.414355] systemd[1]: systemd 229 running in system mode. (+PAM +AUDIT +SELINUX +IMA +APPARMOR +SMACK +SYSVINIT +UTMP +LIBCRYPTSETUP +GCRYPT +GNUTLS +ACL +XZ -LZ4 +SECCOMP +BLKID +ELFUTILS +KMOD -IDN)
[   33.519847] systemd[1]: Detected virtualization oracle.
[   33.554058] systemd[1]: Detected architecture x86-64.

Welcome to [1mUbuntu 16.04.5 LTS[0m!

[   33.663846] systemd[1]: Set hostname to <ubuntu>.
[   33.716223] systemd[1]: Initializing machine ID from random generator.
[   33.755547] systemd[1]: Installed transient /etc/machine-id file.
[   35.375284] systemd[1]: Set up automount Arbitrary Executable File Formats File System Automount Point.
[[0;32m  OK  [0m] Set up automount Arbitrary Executab...ats File System Automount Point.
[   35.474556] systemd[1]: Reached target User and Group Name Lookups.
[[0;32m  OK  [0m] Reached target User and Group Name Lookups.
[   35.544012] systemd[1]: Listening on LVM2 poll daemon socket.
[[0;32m  OK  [0m] Listening on LVM2 poll daemon socket.
[   35.608319] systemd[1]: Listening on Journal Socket.
[[0;32m  OK  [0m] Listening on Journal Socket.
[   35.670050] systemd[1]: Started Trigger resolvconf update for networkd DNS.
[[0;32m  OK  [0m] Started Trigger resolvconf update for networkd DNS.
[   35.747051] systemd[1]: Reached target Encrypted Volumes.
[[0;32m  OK  [0m] Reached target Encrypted Volumes.
[   35.825161] systemd[1]: Started Forward Password Requests to Wall Directory Watch.
[[0;32m  OK  [0m] Started Forward Password Requests to Wall Directory Watch.
[   35.913939] systemd[1]: Listening on LVM2 metadata daemon socket.
[[0;32m  OK  [0m] Listening on LVM2 metadata daemon socket.
[   35.984443] systemd[1]: Listening on Journal Audit Socket.
[[0;32m  OK  [0m] Listening on Journal Audit Socket.
[   36.050055] systemd[1]: Listening on Syslog Socket.
[[0;32m  OK  [0m] Listening on Syslog Socket.
[   36.109965] systemd[1]: Created slice User and Session Slice.
[[0;32m  OK  [0m] Created slice User and Session Slice.
[   36.188629] systemd[1]: Reached target Swap.
[[0;32m  OK  [0m] Reached target Swap.
[   36.249750] systemd[1]: Reached target System Time Synchronized.
[[0;32m  OK  [0m] Reached target System Time Synchronized.
[   36.318687] systemd[1]: Listening on /dev/initctl Compatibility Named Pipe.
[[0;32m  OK  [0m] Listening on /dev/initctl Compatibility Named Pipe.
[   36.402156] systemd[1]: Listening on udev Kernel Socket.
[[0;32m  OK  [0m] Listening on udev Kernel Socket.
[   36.472618] systemd[1]: Listening on Journal Socket (/dev/log).
[[0;32m  OK  [0m] Listening on Journal Socket (/dev/log).
[   36.541345] systemd[1]: Created slice System Slice.
[[0;32m  OK  [0m] Created slice System Slice.
[   36.646610] systemd[1]: Starting Load Kernel Modules...
         Starting Load Kernel Modules...
[   36.709429] systemd[1]: Starting Nameserver information manager...
         Starting Nameserver information manager...
[   36.780167] systemd[1]: Mounting POSIX Message Queue File System...
[   36.824184] Loading iSCSI transport class v2.0-870.
         Mounting POSIX Message Queue File System...
[   36.914096] systemd[1]: Starting Uncomplicated firewall...
[   36.957722] iscsi: registered transport (tcp)
         Starting Uncomplicated firewall...
[   37.007605] systemd[1]: Starting Remount Root and Kernel File Systems...
         Starting Remount Root and Kernel File Systems...
[   37.088563] EXT4-fs (sda1): re-mounted. Opts: (null)
[   37.110981] systemd[1]: Reached target Slices.
[[0;32m  OK  [0m] Reached target Slices.
[   37.198976] systemd[1]: Created slice system-serial\x2dgetty.slice.
[[0;32m  OK  [0m] Created slice system-serial\x2dgetty.slice.
[   37.334560] systemd[1]: Starting Create list of required static device nodes for the current kernel...
         Starting Create list of required st... nodes for the current kernel...
[   37.449165] iscsi: registered transport (iser)
[   37.451726] systemd[1]: Mounting Debug File System...
         Mounting Debug File System...
[   37.551458] systemd[1]: Starting Journal Service...
         Starting Journal Service...
[   37.621659] systemd[1]: Mounting Huge Pages File System...
         Mounting Huge Pages File System...
[   37.700644] systemd[1]: Starting Set console keymap...
         Starting Set console keymap...
[   37.772205] systemd[1]: Listening on udev Control Socket.
[[0;32m  OK  [0m] Listening on udev Control Socket.
[   37.857213] systemd[1]: Listening on Device-mapper event daemon FIFOs.
[[0;32m  OK  [0m] Listening on Device-mapper event daemon FIFOs.
[   37.957918] systemd[1]: Starting Monitoring of LVM2 mirrors, snapshots etc. using dmeventd or progress polling...
         Starting Monitoring of LVM2 mirrors... dmeventd or progress polling...
[   38.075845] systemd[1]: Mounted Huge Pages File System.
[[0;32m  OK  [0m] Mounted Huge Pages File System.
[   38.158924] systemd[1]: Mounted POSIX Message Queue File System.
[[0;32m  OK  [0m] Mounted POSIX Message Queue File System.
[   38.242052] systemd[1]: Mounted Debug File System.
[[0;32m  OK  [0m] Mounted Debug File System.
[   38.316736] systemd[1]: Started Journal Service.
[[0;32m  OK  [0m] Started Journal Service.
[[0;32m  OK  [0m] Started Load Kernel Modules.
[[0;32m  OK  [0m] Started Uncomplicated firewall.
[[0;32m  OK  [0m] Started Remount Root and Kernel File Systems.
[[0;32m  OK  [0m] Started Create list of required sta...ce nodes for the current kernel.
[[0;32m  OK  [0m] Started Set console keymap.
[[0;32m  OK  [0m] Started Nameserver information manager.
[[0;32m  OK  [0m] Started LVM2 metadata daemon.
         Starting Create Static Device Nodes in /dev...
         Starting Load/Save Random Seed...
         Starting udev Coldplug all Devices...
         Starting Apply Kernel Variables...
         Mounting FUSE Control File System...
         Starting Flush Journal to Persistent Storage...
[[0;32m  OK  [0m] Mounted FUSE Control File System.
[[0;32m  OK  [0m] Started Create Static Device Nodes in /dev.
[[0;32m  OK  [0m] Started Load/Save Random Seed.
[[0;32m  OK  [0m] Started Apply Kernel Variables.
[[0;32m  OK  [0m] Started Monitoring of LVM2 mirrors,...ng dmeventd or progress polling.
[[0;32m  OK  [0m] Started udev Coldplug all Devices.
         Starting udev Kernel Device Manager...
[[0;32m  OK  [0m] Reached target Local File Systems (Pre).
[[0;32m  OK  [0m] Reached target Local File Systems.
         Starting Tell Plymouth To Write Out Runtime Data...
         Starting LSB: AppArmor initialization...
         Starting Initial cloud-init job (pre-networking)...
         Starting Set console font and keymap...
         Starting Commit a transient machine-id on disk...
[[0;32m  OK  [0m] Started Flush Journal to Persistent Storage.
[[0;32m  OK  [0m] Started Tell Plymouth To Write Out Runtime Data.
[[0;32m  OK  [0m] Started Commit a transient machine-id on disk.
         Starting Create Volatile Files and Directories...
[[0;32m  OK  [0m] Started Create Volatile Files and Directories.
         Starting Update UTMP about System Boot/Shutdown...
[[0;32m  OK  [0m] Started Update UTMP about System Boot/Shutdown.
[[0;32m  OK  [0m] Started udev Kernel Device Manager.
[[0;32m  OK  [0m] Started LSB: AppArmor initialization.
[[0;32m  OK  [0m] Found device /dev/ttyS0.
[   39.997195] cloud-init[454]: Cloud-init v. 18.4-0ubuntu1~16.04.2 running 'init-local' at Tue, 30 Oct 2018 20:24:51 +0000. Up 39.06 seconds.
[[0;32m  OK  [0m] Started Initial cloud-init job (pre-networking).
[[0;32m  OK  [0m] Reached target Network (Pre).
[[0;32m  OK  [0m] Listening on Load/Save RF Kill Switch Status /dev/rfkill Watch.
         Starting Raise network interfaces...
[[0;32m  OK  [0m] Started Dispatch Password Requests to Console Directory Watch.
[[0;32m  OK  [0m] Started Set console font and keymap.
[[0;32m  OK  [0m] Created slice system-getty.slice.
[[0;32m  OK  [0m] Started Raise network interfaces.
         Starting Initial cloud-init job (metadata service crawler)...
[[0;32m  OK  [0m] Reached target Network.
[   61.209282] cloud-init[910]: Cloud-init v. 18.4-0ubuntu1~16.04.2 running 'init' at Tue, 30 Oct 2018 20:25:11 +0000. Up 59.12 seconds.
[   61.262864] cloud-init[910]: ci-info: ++++++++++++++++++++++++++++++++++++++Net device info++++++++++++++++++++++++++++++++++++++
[   61.316844] cloud-init[910]: ci-info: +--------+------+----------------------------+---------------+--------+-------------------+
[   61.372036] cloud-init[910]: ci-info: | Device |  Up  |          Address           |      Mask     | Scope  |     Hw-Address    |
[   61.425507] cloud-init[910]: ci-info: +--------+------+----------------------------+---------------+--------+-------------------+
[   61.478127] cloud-init[910]: ci-info: | enp0s3 | True |         10.0.2.15          | 255.255.255.0 | global | 02:84:11:a3:6c:d2 |
[[0;32m  OK  [0m[   61.530868] cloud-init[910]: ci-info: | enp0s3 | True | fe80::84:11ff:fea3:6cd2/64 |       .       |  link  | 02:84:11:a3:6c:d2 |
[   61.553417] cloud-init[910]: ci-info: |   lo   | True |         127.0.0.1          |   255.0.0.0   |  host  |         .         |
[   61.577241] cloud-init[910]: ci-info: |   lo   | True |          ::1/128           |       .       |  host  |         .         |
[   61.616536] cloud-init[910]: ci-info: +--------+------+----------------------------+---------------+--------+-------------------+
[   61.680960] cloud-init[910]: ci-info: +++++++++++++++++++++++++++Route IPv4 info++++++++++++++++++++++++++++
[   61.729416] cloud-init[910]: ci-info: +-------+-------------+----------+---------------+-----------+-------+
[   61.757473] cloud-init[910]: ci-info: | Route | Destination | Gateway  |    Genmask    | Interface | Flags |
[   61.793886] cloud-init[910]: ci-info: +-------+-------------+----------+---------------+-----------+-------+
[   61.827144] cloud-init[910]: ci-info: |   0   |   0.0.0.0   | 10.0.2.2 |    0.0.0.0    |   enp0s3  |   UG  |
[   61.868104] cloud-init[910]: ci-info: |   1   |   10.0.2.0  | 0.0.0.0  | 255.255.255.0 |   enp0s3  |   U   |
[   61.890515] cloud-init[910]: ci-info: +-------+-------------+----------+---------------+-----------+-------+
[   61.934695] cloud-init[910]: ci-info: +++++++++++++++++++Route IPv6 info+++++++++++++++++++
[   61.934834] cloud-init[910]: ci-info: +-------+-------------+---------+-----------+-------+
[   62.012793] cloud-init[910]: ci-info: | Route | Destination | Gateway | Interface | Flags |
[   62.012944] cloud-init[910]: ci-info: +-------+-------------+---------+-----------+-------+
[   62.026445] cloud-init[910]: ci-info: |   0   |  fe80::/64  |    ::   |   enp0s3  |   U   |
[   62.067211] cloud-init[910]: ci-info: |   3   |   ff00::/8  |    ::   |   enp0s3  |   U   |
[   62.080880] cloud-init[910]: ci-info: +-------+-------------+---------+-----------+-------+
[   62.108671] cloud-init[910]: Generating public/private rsa key pair.
[   62.158998] cloud-init[910]: Your identification has been saved in /etc/ssh/ssh_host_rsa_key.
[   62.171830] cloud-init[910]: Your public key has been saved in /etc/ssh/ssh_host_rsa_key.pub.
[   62.171970] cloud-init[910]: The key fingerprint is:
[   62.200040] cloud-init[910]: SHA256:MA1X2DKeADmdPKQmehkSybKsdglOD/dNd89y9RLIcM8 root@ubuntu-xenial
[   62.255683] cloud-init[910]: The key's randomart image is:
[   62.255828] cloud-init[910]: +---[RSA 2048]----+
[   62.255966] cloud-init[910]: |o.  .*o..+.      |
[   62.256537] cloud-init[910]: |oo  o.*++ o .    |
[   62.312518] cloud-init[910]: |+.o o.o+.+ + +   |
[   62.348699] cloud-init[910]: |.B *   +o. .o E. |
[   62.359282] cloud-init[910]: |= B o o S . o ...|
[   62.379216] cloud-init[910]: |.+ + . .   . +. .|
[   62.379666] cloud-init[910]: |. .         o  . |
[   62.412947] cloud-init[910]: |                 |
[   62.424089] cloud-init[910]: |                 |
[   62.444580] cloud-init[910]: +----[SHA256]-----+
[   62.444723] cloud-init[910]: Generating public/private dsa key pair.
[   62.458704] cloud-init[910]: Your identification has been saved in /etc/ssh/ssh_host_dsa_key.
[   62.503129] cloud-init[910]: Your public key has been saved in /etc/ssh/ssh_host_dsa_key.pub.
[   62.503281] cloud-init[910]: The key fingerprint is:
[   62.566614] cloud-init[910]: SHA256:+XrLQ7RK41+mcdSxOVEp+yLbnegNYLEagpJD+Yj3/Ok root@ubuntu-xenial
[   62.566759] cloud-init[910]: The key's randomart image is:
[   62.604713] cloud-init[910]: +---[DSA 1024]----+
[   62.616821] cloud-init[910]: |                o|
[   62.637011] cloud-init[910]: |    .        . o |
[   62.654267] cloud-init[910]: |   o       .  =  |
[   62.666309] cloud-init[910]: |  o + .  .. oo = |
[   62.690158] cloud-init[910]: | . * o .So =. *  |
[   62.695239] cloud-init[910]: |  . =   +.*o.. o |
[   62.717509] cloud-init[910]: |     o o =o B.+ .|
[   62.727333] cloud-init[910]: |      . +ooB ooo |
[   62.762696] cloud-init[910]: |      .E.o=o.. . |
[   62.762856] cloud-init[910]: +----[SHA256]-----+
[   62.794555] cloud-init[910]: Generating public/private ecdsa key pair.
[   62.803332] cloud-init[910]: Your identification has been saved in /etc/ssh/ssh_host_ecdsa_key.
[   62.829719] cloud-init[910]: Your public key has been saved in /etc/ssh/ssh_host_ecdsa_key.pub.
[   62.861951] cloud-init[910]: The key fingerprint is:
[   62.888553] cloud-init[910]: SHA256:zbvc/qYmhXkLEDpl67P0q9Eo1i/j3M03K58kjMuGgW8 root@ubuntu-xenial
[   62.901227] cloud-init[910]: The key's randomart image is:
[   62.938728] cloud-init[910]: +---[ECDSA 256]---+
[   62.950722] cloud-init[910]: |                 |
[   62.964425] cloud-init[910]: |        +        |
[   62.986316] cloud-init[910]: |       + o       |
[   62.986456] cloud-init[910]: |      o oo       |
[   63.022053] cloud-init[910]: |       +S.oo     |
[   63.029104] cloud-init[910]: |      ..=o++o    |
[   63.052261] cloud-init[910]: |      oo+*++o..  |
[   63.060184] cloud-init[910]: |     . oE*+*+o+. |
[   63.060324] cloud-init[910]: |       o+=O=*B=o |
[   63.060464] cloud-init[910]: +----[SHA256]-----+
[   63.061167] cloud-init[910]: Generating public/private ed25519 key pair.
[   63.069880] cloud-init[910]: Your identification has been saved in /etc/ssh/ssh_host_ed25519_key.
[   63.106263] cloud-init[910]: Your public key has been saved in /etc/ssh/ssh_host_ed25519_key.pub.
[   63.165616] cloud-init[910]: The key fingerprint is:
[   63.188678] cloud-init[910]: SHA256:p3Tdf58kxKwTgZG6/ex5nK8cGJxEtDIzr7VRe5vlvnE root@ubuntu-xenial
[   63.220461] cloud-init[910]: The key's randomart image is:
[   63.238753] cloud-init[910]: +--[ED25519 256]--+
[   63.273917] cloud-init[910]: |         .oo     |
[   63.282734] cloud-init[910]: |         .+ .    |
[   63.291750] cloud-init[910]: |        .* + .   |
[   63.310058] cloud-init[910]: |       .  O.*..  |
[   63.332770] cloud-init[910]: |        S oO.=...|
[   63.346161] cloud-init[910]: |       o =o O .o+|
[   63.365075] cloud-init[910]: |        ..o=.o.=E|
[   63.365227] cloud-init[910]: |           o+++.*|
[   63.366001] cloud-init[910]: |          .o.oo++|
[   63.366144] cloud-init[910]: +----[SHA256]-----+
] Started Initial cloud-init job (metadata service crawler).
[[0;32m  OK  [0m] Reached target Cloud-config availability.
[[0;32m  OK  [0m] Reached target System Initialization.
[[0;32m  OK  [0m] Started Daily Cleanup of Temporary Directories.
         Starting Socket activation for snappy daemon.
[[0;32m  OK  [0m] Started ACPI Events Check.
[[0;32m  OK  [0m] Reached target Paths.
[[0;32m  OK  [0m] Listening on UUID daemon activation socket.
[[0;32m  OK  [0m] Listening on ACPID Listen Socket.
[[0;32m  OK  [0m] Listening on D-Bus System Message Bus Socket.
         Starting LXD - unix socket.
[[0;32m  OK  [0m] Started Daily apt download activities.
[[0;32m  OK  [0m] Started Daily apt upgrade and clean activities.
[[0;32m  OK  [0m] Reached target Timers.
[[0;32m  OK  [0m] Reached target Network is Online.
         Starting iSCSI initiator daemon (iscsid)...
[[0;32m  OK  [0m] Listening on Socket activation for snappy daemon.
[[0;32m  OK  [0m] Listening on LXD - unix socket.
[[0;32m  OK  [0m] Reached target Sockets.
[[0;32m  OK  [0m] Reached target Basic System.
         Starting LXD - container startup/shutdown...
[[0;32m  OK  [0m] Started Unattended Upgrades Shutdown.
         Starting LSB: Record successful boot for GRUB...
         Starting System Logging Service...
         Starting /etc/rc.local Compatibility...
         Starting Virtualbox guest utils...
[[0;32m  OK  [0m] Started FUSE filesystem for LXC.
[[0;32m  OK  [0m] Started D-Bus System Message Bus.
         Starting LSB: MD monitoring daemon...
[[0;32m  OK  [0m] Started ACPI event daemon.
         Starting Login Service...
         Starting Accounts Service...
[[0;32m  OK  [0m] Started Deferred execution scheduler.
         Starting Pollinate to seed the pseudo random number generator...
[[0;32m  OK  [0m] Started Regular background program processing daemon.
         Starting Snappy daemon...
[[0;32m  OK  [0m] Started System Logging Service.
[[0;32m  OK  [0m] Started iSCSI initiator daemon (iscsid).
[[0;32m  OK  [0m] Started /etc/rc.local Compatibility.
[[0;32m  OK  [0m] Started Login Service.
         Starting Login to default iSCSI targets...
[[0;32m  OK  [0m] Started LSB: Record successful boot for GRUB.
[[0;32m  OK  [0m] Started LSB: MD monitoring daemon.
[[0;32m  OK  [0m] Started Login to default iSCSI targets.
[[0;32m  OK  [0m] Reached target Remote File Systems (Pre).
[[0;32m  OK  [0m] Reached target Remote File Systems.
         Starting LSB: Set the CPU Frequency Scaling governor to "ondemand"...
         Starting LSB: daemon to balance interrupts for SMP systems...
         Starting LSB: automatic crash report generation...
         Starting Permit User Sessions...
[[0;32m  OK  [0m] Started Permit User Sessions.
[[0;32m  OK  [0m] Started LSB: Set the CPU Frequency Scaling governor to "ondemand".
         Starting Terminate Plymouth Boot Screen...
         Starting Hold until boot process finishes up...
[[0;32m  OK  [0m] Started Terminate Plymouth Boot Screen.
[[0;32m  OK  [0m] Started Hold until boot process finishes up.
         Starting Authenticate and Authorize Users to Run Privileged Tasks...
[[0;32m  OK  [0m] Started Getty on tty1.
         Starting Set console scheme...
[[0;32m  OK  [0m] Started Serial Getty on ttyS0.
[[0;32m  OK  [0m] Reached target Login Prompts.
[[0;32m  OK  [0m] Started Virtualbox guest utils.
[[0;32m  OK  [0m] Started LSB: daemon to balance interrupts for SMP systems.
[[0;32m  OK  [0m] Started LSB: automatic crash report generation.
[[0;32m  OK  [0m] Started Set console scheme.
[[0;32m  OK  [0m] Started Authenticate and Authorize Users to Run Privileged Tasks.
[[0;32m  OK  [0m] Started Accounts Service.
[[0;32m  OK  [0m] Started LXD - container startup/shutdown.
[[0;32m  OK  [0m] Started Snappy daemon.
         Starting Wait until snapd is fully seeded...
[[0;32m  OK  [0m] Started Pollinate to seed the pseudo random number generator.
         Starting OpenBSD Secure Shell server...
[[0;32m  OK  [0m] Started OpenBSD Secure Shell server.
[[0;32m  OK  [0m] Created slice User Slice of vagrant.
         Starting User Manager for UID 1000...
[[0;32m  OK  [0m] Started Session 1 of user vagrant.
[[0;32m  OK  [0m] Started User Manager for UID 1000.

Ubuntu 16.04.5 LTS ubuntu-xenial ttyS0

ubuntu-xenial login: [   84.728846] cloud-init[1428]: Generating locales (this might take a while)...
[   87.392486] cloud-init[1428]:   en_US.UTF-8... done
[   87.435543] cloud-init[1428]: Generation complete.
[   90.043857] cloud-init[1428]: Cloud-init v. 18.4-0ubuntu1~16.04.2 running 'modules:config' at Tue, 30 Oct 2018 20:25:36 +0000. Up 83.91 seconds.
ci-info: no authorized ssh keys fingerprints found for user ubuntu.
<14>Oct 30 20:25:43 ec2: 
<14>Oct 30 20:25:43 ec2: #############################################################
<14>Oct 30 20:25:43 ec2: -----BEGIN SSH HOST KEY FINGERPRINTS-----
<14>Oct 30 20:25:43 ec2: 1024 SHA256:+XrLQ7RK41+mcdSxOVEp+yLbnegNYLEagpJD+Yj3/Ok root@ubuntu-xenial (DSA)
<14>Oct 30 20:25:43 ec2: 256 SHA256:zbvc/qYmhXkLEDpl67P0q9Eo1i/j3M03K58kjMuGgW8 root@ubuntu-xenial (ECDSA)
<14>Oct 30 20:25:43 ec2: 256 SHA256:p3Tdf58kxKwTgZG6/ex5nK8cGJxEtDIzr7VRe5vlvnE root@ubuntu-xenial (ED25519)
<14>Oct 30 20:25:43 ec2: 2048 SHA256:MA1X2DKeADmdPKQmehkSybKsdglOD/dNd89y9RLIcM8 root@ubuntu-xenial (RSA)
<14>Oct 30 20:25:43 ec2: -----END SSH HOST KEY FINGERPRINTS-----
<14>Oct 30 20:25:43 ec2: #############################################################
-----BEGIN SSH HOST KEY KEYS-----
ecdsa-sha2-nistp256 AAAAE2VjZHNhLXNoYTItbmlzdHAyNTYAAAAIbmlzdHAyNTYAAABBBJSHvNlohYGPQ0PL3DOjefZvHA1BNQU4cbR+SpTZv4a1ywcy+ObvoKtvbB/CqkGb/KTthwxtqH5YmB0GSsJ9Izo= root@ubuntu-xenial
ssh-ed25519 AAAAC3NzaC1lZDI1NTE5AAAAIOhLuKnXDzbGw1sotoHkjvf+J2ZjvtNy+KpWI7NVTCYD root@ubuntu-xenial
ssh-rsa AAAAB3NzaC1yc2EAAAADAQABAAABAQDNaqxWEQ+N/EDGSflKEmerQUbcaqJJVPuioLVHV4w2LDqF+gJiT3pq6USSvvXNFNoQY6ZrF4Fa8IrDiM2kcbQkZm3FrMEjTi13vg8nMSy7KwchhqS0/kJHn1JCKs7KXqbe96nwHYVekNcR8mq7+pmCc8yvZHeKuFlOpae1/7pD71y1fgZSNqXhOCe3Gl+haOPIxKSRYmgo08Se/42TDnNrlZeeCnZTiKLTlJAPtnGn8kw13Nc+irOET8FrAhox5lUZG42Wb/duIBmqkzmCdB335CllUUaPKyITrNUOviZ+vhwYOZUU8SfQqA0z81uLduwZj1i9z/U7XwfU07eccRIx root@ubuntu-xenial
-----END SSH HOST KEY KEYS-----
[   91.998433] cloud-init[1551]: Cloud-init v. 18.4-0ubuntu1~16.04.2 running 'modules:final' at Tue, 30 Oct 2018 20:25:43 +0000. Up 90.96 seconds.
[   91.999093] cloud-init[1551]: ci-info: no authorized ssh keys fingerprints found for user ubuntu.
[   91.999223] cloud-init[1551]: Cloud-init v. 18.4-0ubuntu1~16.04.2 finished at Tue, 30 Oct 2018 20:25:43 +0000. Datasource DataSourceNoCloud [seed=/dev/sdb][dsmode=net].  Up 91.49 seconds
